<?xml version="1.0" encoding="UTF-8"?>
<!-- Generated by org.testng.reporters.JUnitXMLReporter -->
<testsuite ignored="0" hostname="LAPTOP-1G2A8GFB" failures="2" tests="4" name="Edge Test" time="23.048" errors="0" timestamp="2022-05-18T20:09:52 IST">
  <testcase classname="testCases.YourLogoBaseClass" name="@AfterMethod afterMethod" time="4.11">
    <failure type="org.openqa.selenium.WebDriverException" message="chrome not reachable
  (Session info: MicrosoftEdge=101.0.1210.47)
Build info: version: &amp;apos;4.1.3&amp;apos;, revision: &amp;apos;7b1ebf28ef&amp;apos;
System info: host: &amp;apos;LAPTOP-1G2A8GFB&amp;apos;, ip: &amp;apos;192.168.1.7&amp;apos;, os.name: &amp;apos;Windows 10&amp;apos;, os.arch: &amp;apos;amd64&amp;apos;, os.version: &amp;apos;10.0&amp;apos;, java.version: &amp;apos;11.0.15&amp;apos;
Driver info: org.openqa.selenium.edge.EdgeDriver
Command: [5b29c87682609de33f9671eb41d60b1a, close {}]
Capabilities {acceptInsecureCerts: false, browserName: msedge, browserVersion: 101.0.1210.47, javascriptEnabled: true, ms:edgeOptions: {debuggerAddress: localhost:51457}, msedge: {msedgedriverVersion: 100.0.1185.50 (d8ee69a5ee9b..., userDataDir: C:\Users\rahul\AppData\Loca...}, networkConnectionEnabled: false, pageLoadStrategy: normal, platform: WINDOWS, platformName: WINDOWS, proxy: Proxy(), se:cdp: ws://localhost:51457/devtoo..., se:cdpVersion: 101.0.1210.47, setWindowRect: true, strictFileInteractability: false, timeouts: {implicit: 0, pageLoad: 300000, script: 30000}, unhandledPromptBehavior: dismiss and notify, webauthn:extension:credBlob: true, webauthn:extension:largeBlob: true, webauthn:virtualAuthenticators: true}
Session ID: 5b29c87682609de33f9671eb41d60b1a">
      <![CDATA[org.openqa.selenium.WebDriverException: chrome not reachable
  (Session info: MicrosoftEdge=101.0.1210.47)
Build info: version: '4.1.3', revision: '7b1ebf28ef'
System info: host: 'LAPTOP-1G2A8GFB', ip: '192.168.1.7', os.name: 'Windows 10', os.arch: 'amd64', os.version: '10.0', java.version: '11.0.15'
Driver info: org.openqa.selenium.edge.EdgeDriver
Command: [5b29c87682609de33f9671eb41d60b1a, close {}]
Capabilities {acceptInsecureCerts: false, browserName: msedge, browserVersion: 101.0.1210.47, javascriptEnabled: true, ms:edgeOptions: {debuggerAddress: localhost:51457}, msedge: {msedgedriverVersion: 100.0.1185.50 (d8ee69a5ee9b..., userDataDir: C:\Users\rahul\AppData\Loca...}, networkConnectionEnabled: false, pageLoadStrategy: normal, platform: WINDOWS, platformName: WINDOWS, proxy: Proxy(), se:cdp: ws://localhost:51457/devtoo..., se:cdpVersion: 101.0.1210.47, setWindowRect: true, strictFileInteractability: false, timeouts: {implicit: 0, pageLoad: 300000, script: 30000}, unhandledPromptBehavior: dismiss and notify, webauthn:extension:credBlob: true, webauthn:extension:largeBlob: true, webauthn:virtualAuthenticators: true}
Session ID: 5b29c87682609de33f9671eb41d60b1a
at org.openqa.selenium.remote.codec.w3c.W3CHttpResponseCodec.createException(W3CHttpResponseCodec.java:200)
at org.openqa.selenium.remote.codec.w3c.W3CHttpResponseCodec.decode(W3CHttpResponseCodec.java:133)
at org.openqa.selenium.remote.codec.w3c.W3CHttpResponseCodec.decode(W3CHttpResponseCodec.java:53)
at org.openqa.selenium.remote.HttpCommandExecutor.execute(HttpCommandExecutor.java:184)
at org.openqa.selenium.remote.service.DriverCommandExecutor.invokeExecute(DriverCommandExecutor.java:167)
at org.openqa.selenium.remote.service.DriverCommandExecutor.execute(DriverCommandExecutor.java:142)
at org.openqa.selenium.remote.RemoteWebDriver.execute(RemoteWebDriver.java:567)
at org.openqa.selenium.remote.RemoteWebDriver.execute(RemoteWebDriver.java:622)
at org.openqa.selenium.remote.RemoteWebDriver.execute(RemoteWebDriver.java:626)
at org.openqa.selenium.remote.RemoteWebDriver.close(RemoteWebDriver.java:452)
at testCases.YourLogoBaseClass.afterMethod(YourLogoBaseClass.java:51)
at java.base/java.util.ArrayList.forEach(ArrayList.java:1541)
... Removed 36 stack frames]]>
    </failure>
  </testcase> <!-- @AfterMethod afterMethod -->
  <testcase classname="testCases.YourLogoBaseClass" name="@BeforeMethod beforeMethod" time="0.0">
    <skipped/>
  </testcase> <!-- @BeforeMethod beforeMethod -->
  <testcase classname="testCases.YourLogoBaseClass" name="@AfterMethod afterMethod" time="0.0">
    <skipped/>
  </testcase> <!-- @AfterMethod afterMethod -->
  <testcase classname="testCases.YourLogoBaseClass" name="@BeforeMethod beforeMethod" time="0.0">
    <skipped/>
  </testcase> <!-- @BeforeMethod beforeMethod -->
  <testcase classname="testCases.YourLogoBaseClass" name="@AfterMethod afterMethod" time="0.0">
    <skipped/>
  </testcase> <!-- @AfterMethod afterMethod -->
  <testcase classname="testCases.YourLogoLoginPageTestCase" name="verifySignInButtonTextTC01" time="10.044">
    <failure type="org.openqa.selenium.NoSuchElementException" message="no such element: Unable to locate element: {&amp;quot;method&amp;quot;:&amp;quot;css selector&amp;quot;,&amp;quot;selector&amp;quot;:&amp;quot;#SubmitLogin&amp;quot;}
  (Session info: MicrosoftEdge=101.0.1210.47)
For documentation on this error, please visit: https://selenium.dev/exceptions/#no_such_element
Build info: version: &amp;apos;4.1.3&amp;apos;, revision: &amp;apos;7b1ebf28ef&amp;apos;
System info: host: &amp;apos;LAPTOP-1G2A8GFB&amp;apos;, ip: &amp;apos;192.168.1.7&amp;apos;, os.name: &amp;apos;Windows 10&amp;apos;, os.arch: &amp;apos;amd64&amp;apos;, os.version: &amp;apos;10.0&amp;apos;, java.version: &amp;apos;11.0.15&amp;apos;
Driver info: org.openqa.selenium.edge.EdgeDriver
Command: [655f580aa8d2ad0011912835e36d6c50, findElement {using=id, value=SubmitLogin}]
Capabilities {acceptInsecureCerts: false, browserName: msedge, browserVersion: 101.0.1210.47, javascriptEnabled: true, ms:edgeOptions: {debuggerAddress: localhost:51413}, msedge: {msedgedriverVersion: 100.0.1185.50 (d8ee69a5ee9b..., userDataDir: C:\Users\rahul\AppData\Loca...}, networkConnectionEnabled: false, pageLoadStrategy: normal, platform: WINDOWS, platformName: WINDOWS, proxy: Proxy(), se:cdp: ws://localhost:51413/devtoo..., se:cdpVersion: 101.0.1210.47, setWindowRect: true, strictFileInteractability: false, timeouts: {implicit: 0, pageLoad: 300000, script: 30000}, unhandledPromptBehavior: dismiss and notify, webauthn:extension:credBlob: true, webauthn:extension:largeBlob: true, webauthn:virtualAuthenticators: true}
Session ID: 655f580aa8d2ad0011912835e36d6c50">
      <![CDATA[org.openqa.selenium.NoSuchElementException: no such element: Unable to locate element: {"method":"css selector","selector":"#SubmitLogin"}
  (Session info: MicrosoftEdge=101.0.1210.47)
For documentation on this error, please visit: https://selenium.dev/exceptions/#no_such_element
Build info: version: '4.1.3', revision: '7b1ebf28ef'
System info: host: 'LAPTOP-1G2A8GFB', ip: '192.168.1.7', os.name: 'Windows 10', os.arch: 'amd64', os.version: '10.0', java.version: '11.0.15'
Driver info: org.openqa.selenium.edge.EdgeDriver
Command: [655f580aa8d2ad0011912835e36d6c50, findElement {using=id, value=SubmitLogin}]
Capabilities {acceptInsecureCerts: false, browserName: msedge, browserVersion: 101.0.1210.47, javascriptEnabled: true, ms:edgeOptions: {debuggerAddress: localhost:51413}, msedge: {msedgedriverVersion: 100.0.1185.50 (d8ee69a5ee9b..., userDataDir: C:\Users\rahul\AppData\Loca...}, networkConnectionEnabled: false, pageLoadStrategy: normal, platform: WINDOWS, platformName: WINDOWS, proxy: Proxy(), se:cdp: ws://localhost:51413/devtoo..., se:cdpVersion: 101.0.1210.47, setWindowRect: true, strictFileInteractability: false, timeouts: {implicit: 0, pageLoad: 300000, script: 30000}, unhandledPromptBehavior: dismiss and notify, webauthn:extension:credBlob: true, webauthn:extension:largeBlob: true, webauthn:virtualAuthenticators: true}
Session ID: 655f580aa8d2ad0011912835e36d6c50
at org.openqa.selenium.remote.codec.w3c.W3CHttpResponseCodec.createException(W3CHttpResponseCodec.java:200)
at org.openqa.selenium.remote.codec.w3c.W3CHttpResponseCodec.decode(W3CHttpResponseCodec.java:133)
at org.openqa.selenium.remote.codec.w3c.W3CHttpResponseCodec.decode(W3CHttpResponseCodec.java:53)
at org.openqa.selenium.remote.HttpCommandExecutor.execute(HttpCommandExecutor.java:184)
at org.openqa.selenium.remote.service.DriverCommandExecutor.invokeExecute(DriverCommandExecutor.java:167)
at org.openqa.selenium.remote.service.DriverCommandExecutor.execute(DriverCommandExecutor.java:142)
at org.openqa.selenium.remote.RemoteWebDriver.execute(RemoteWebDriver.java:567)
at org.openqa.selenium.remote.ElementLocation$ElementFinder$2.findElement(ElementLocation.java:162)
at org.openqa.selenium.remote.ElementLocation.findElement(ElementLocation.java:66)
at org.openqa.selenium.remote.RemoteWebDriver.findElement(RemoteWebDriver.java:385)
at org.openqa.selenium.remote.RemoteWebDriver.findElement(RemoteWebDriver.java:377)
at org.openqa.selenium.support.pagefactory.DefaultElementLocator.findElement(DefaultElementLocator.java:70)
at org.openqa.selenium.support.pagefactory.internal.LocatingElementHandler.invoke(LocatingElementHandler.java:39)
at com.sun.proxy.$Proxy17.getText(Unknown Source)
at utilityPack.GeneralUtilities.getElementText(GeneralUtilities.java:9)
at elementRepo.YourLogoLoginPageRepo.getSignInButtonText(YourLogoLoginPageRepo.java:51)
at testCases.YourLogoLoginPageTestCase.verifySignInButtonTextTC01(YourLogoLoginPageTestCase.java:18)
at java.base/java.util.ArrayList.forEach(ArrayList.java:1541)
... Removed 31 stack frames]]>
    </failure>
  </testcase> <!-- verifySignInButtonTextTC01 -->
  <testcase classname="testCases.YourLogoLoginPageTestCase" name="verifyValidUserTC02" time="3.438">
    <failure type="org.openqa.selenium.NoSuchElementException" message="Unable to find element with locator By.id: email
For documentation on this error, please visit: https://selenium.dev/exceptions/#no_such_element
Build info: version: &amp;apos;4.1.3&amp;apos;, revision: &amp;apos;7b1ebf28ef&amp;apos;
System info: host: &amp;apos;LAPTOP-1G2A8GFB&amp;apos;, ip: &amp;apos;192.168.1.7&amp;apos;, os.name: &amp;apos;Windows 10&amp;apos;, os.arch: &amp;apos;amd64&amp;apos;, os.version: &amp;apos;10.0&amp;apos;, java.version: &amp;apos;11.0.15&amp;apos;
Driver info: driver.version: RemoteWebDriver">
      <![CDATA[org.openqa.selenium.NoSuchElementException: Unable to find element with locator By.id: email
For documentation on this error, please visit: https://selenium.dev/exceptions/#no_such_element
Build info: version: '4.1.3', revision: '7b1ebf28ef'
System info: host: 'LAPTOP-1G2A8GFB', ip: '192.168.1.7', os.name: 'Windows 10', os.arch: 'amd64', os.version: '10.0', java.version: '11.0.15'
Driver info: driver.version: RemoteWebDriver
at org.openqa.selenium.remote.ElementLocation$ElementFinder$2.findElement(ElementLocation.java:165)
at org.openqa.selenium.remote.ElementLocation.findElement(ElementLocation.java:66)
at org.openqa.selenium.remote.RemoteWebDriver.findElement(RemoteWebDriver.java:385)
at org.openqa.selenium.remote.RemoteWebDriver.findElement(RemoteWebDriver.java:377)
at org.openqa.selenium.support.pagefactory.DefaultElementLocator.findElement(DefaultElementLocator.java:70)
at org.openqa.selenium.support.pagefactory.internal.LocatingElementHandler.invoke(LocatingElementHandler.java:39)
at com.sun.proxy.$Proxy17.sendKeys(Unknown Source)
at elementRepo.YourLogoLoginPageRepo.enterUsername(YourLogoLoginPageRepo.java:35)
at testCases.YourLogoLoginPageTestCase.verifyValidUserTC02(YourLogoLoginPageTestCase.java:27)
at java.base/java.util.ArrayList.forEach(ArrayList.java:1541)
... Removed 27 stack frames]]>
    </failure>
  </testcase> <!-- verifyValidUserTC02 -->
  <testcase classname="testCases.YourLogoLoginPageTestCase" name="verifyInValidUserTC03" time="0.001">
    <skipped/>
  </testcase> <!-- verifyInValidUserTC03 -->
  <testcase classname="testCases.YourLogoLoginPageTestCase" name="verifyForgotPasswordTC04" time="0.0">
    <skipped/>
  </testcase> <!-- verifyForgotPasswordTC04 -->
</testsuite> <!-- Edge Test -->
